[Tue 03/17/2026 11:53:38.46] Starting Hever scraper... 
Starting Hever scraper...
Logging in...
After login: https://www.hvr.co.il/site/pg/?page=hvr_home
Scraping deals...
Found 28 deals
Traceback (most recent call last):
  File "C:\Users\Aviv Nir\Desktop\Hever\AvivsHeverReport\scraper.py", line 197, in <module>
    main()
    ~~~~^^
  File "C:\Users\Aviv Nir\Desktop\Hever\AvivsHeverReport\scraper.py", line 165, in main
    print("Scraping restaurants (clicking \u05d4\u05e6\u05d2 \u05e2\u05d5\u05d3 until all loaded)...")
    ~~~~~^^^^^^^^^^^^^^^^^^^^^^^^^^^^^^^^^^^^^^^^^^^^^^^^^^^^^^^^^^^^^^^
  File "C:\Python314\Lib\encodings\cp1252.py", line 19, in encode
    return codecs.charmap_encode(input,self.errors,encoding_table)[0]
           ~~~~~~~~~~~~~~~~~~~~~^^^^^^^^^^^^^^^^^^^^^^^^^^^^^^^^^^
UnicodeEncodeError: 'charmap' codec can't encode characters in position 31-33: character maps to <undefined>
[Tue 03/17/2026 11:53:46.81] Scraper failed, skipping git push. 
[Tue 03/17/2026 11:54:31.17] Starting Hever scraper... 
Starting Hever scraper...
Logging in...
After login: https://www.hvr.co.il/site/pg/?page=hvr_home
Scraping deals...
Found 28 deals
Scraping restaurants (clicking הצג עוד until all loaded)...
Found 1581 restaurants
Saved 28 deals to C:\Users\Aviv Nir\Desktop\Hever\AvivsHeverReport\docs\deals.json
Saved 1581 restaurants to C:\Users\Aviv Nir\Desktop\Hever\AvivsHeverReport\docs\restaurants.json
Saved last_updated.json: 17/03/2026, 1581 restaurants
Sending deals message...
Done!
[Tue 03/17/2026 11:59:12.76] Pushing to GitHub... 
To https://github.com/tiketuser/AvivsHeverReport.git
   f6930c8..18cdcfd  main -> main
[Tue 03/17/2026 11:59:17.16] Done. 
